2019-10-13 21:45:08.954 blog-logging [restartedMain] INFO bonc.com.cn.App:50 Starting App on WIN10-805040934 with PID 10356 (E:\workspace1\blog\target\classes started by Administrator in E:\workspace1\blog)
2019-10-13 21:45:08.962 blog-logging [restartedMain] INFO bonc.com.cn.App:652 The following profiles are active: dev
2019-10-13 21:45:09.093 blog-logging [restartedMain] INFO org.springframework.boot.devtools.env.DevToolsPropertyDefaultsPostProcessor:225 Devtools property defaults active! Set 'spring.devtools.add-properties' to 'false' to disable
2019-10-13 21:45:09.093 blog-logging [restartedMain] INFO org.springframework.boot.devtools.env.DevToolsPropertyDefaultsPostProcessor:225 For additional web related logging consider setting the 'logging.level.web' property to 'DEBUG'
2019-10-13 21:45:11.181 blog-logging [restartedMain] INFO org.springframework.boot.web.embedded.tomcat.TomcatWebServer:90 Tomcat initialized with port(s): 8080 (http)
2019-10-13 21:45:11.201 blog-logging [restartedMain] INFO org.apache.coyote.http11.Http11NioProtocol:173 Initializing ProtocolHandler ["http-nio-8080"]
2019-10-13 21:45:11.213 blog-logging [restartedMain] INFO org.apache.catalina.core.StandardService:173 Starting service [Tomcat]
2019-10-13 21:45:11.213 blog-logging [restartedMain] INFO org.apache.catalina.core.StandardEngine:173 Starting Servlet engine: [Apache Tomcat/9.0.26]
2019-10-13 21:45:11.431 blog-logging [restartedMain] INFO org.apache.catalina.core.ContainerBase.[Tomcat].[localhost].[/]:173 Initializing Spring embedded WebApplicationContext
2019-10-13 21:45:11.431 blog-logging [restartedMain] INFO org.springframework.web.context.ContextLoader:284 Root WebApplicationContext: initialization completed in 2301 ms
2019-10-13 21:45:11.895 blog-logging [restartedMain] INFO org.springframework.scheduling.concurrent.ThreadPoolTaskExecutor:171 Initializing ExecutorService 'applicationTaskExecutor'
2019-10-13 21:45:12.156 blog-logging [restartedMain] INFO org.springframework.boot.devtools.autoconfigure.OptionalLiveReloadServer:57 LiveReload server is running on port 35729
2019-10-13 21:45:12.201 blog-logging [restartedMain] INFO org.apache.coyote.http11.Http11NioProtocol:173 Starting ProtocolHandler ["http-nio-8080"]
2019-10-13 21:45:12.268 blog-logging [restartedMain] INFO org.springframework.boot.web.embedded.tomcat.TomcatWebServer:202 Tomcat started on port(s): 8080 (http) with context path ''
2019-10-13 21:45:12.272 blog-logging [restartedMain] INFO bonc.com.cn.App:59 Started App in 4.323 seconds (JVM running for 5.314)
2019-10-13 21:48:05.932 blog-logging [http-nio-8080-exec-1] INFO org.apache.catalina.core.ContainerBase.[Tomcat].[localhost].[/]:173 Initializing Spring DispatcherServlet 'dispatcherServlet'
2019-10-13 21:48:05.932 blog-logging [http-nio-8080-exec-1] INFO org.springframework.web.servlet.DispatcherServlet:525 Initializing Servlet 'dispatcherServlet'
2019-10-13 21:48:05.947 blog-logging [http-nio-8080-exec-1] INFO org.springframework.web.servlet.DispatcherServlet:547 Completed initialization in 13 ms
2019-10-13 21:50:18.100 blog-logging [restartedMain] INFO bonc.com.cn.App:50 Starting App on WIN10-805040934 with PID 11616 (E:\workspace1\blog\target\classes started by Administrator in E:\workspace1\blog)
2019-10-13 21:50:18.104 blog-logging [restartedMain] INFO bonc.com.cn.App:652 The following profiles are active: dev
2019-10-13 21:50:18.204 blog-logging [restartedMain] INFO org.springframework.boot.devtools.env.DevToolsPropertyDefaultsPostProcessor:225 Devtools property defaults active! Set 'spring.devtools.add-properties' to 'false' to disable
2019-10-13 21:50:18.204 blog-logging [restartedMain] INFO org.springframework.boot.devtools.env.DevToolsPropertyDefaultsPostProcessor:225 For additional web related logging consider setting the 'logging.level.web' property to 'DEBUG'
2019-10-13 21:50:20.390 blog-logging [restartedMain] INFO org.springframework.boot.web.embedded.tomcat.TomcatWebServer:90 Tomcat initialized with port(s): 8080 (http)
2019-10-13 21:50:20.416 blog-logging [restartedMain] INFO org.apache.coyote.http11.Http11NioProtocol:173 Initializing ProtocolHandler ["http-nio-8080"]
2019-10-13 21:50:20.429 blog-logging [restartedMain] INFO org.apache.catalina.core.StandardService:173 Starting service [Tomcat]
2019-10-13 21:50:20.430 blog-logging [restartedMain] INFO org.apache.catalina.core.StandardEngine:173 Starting Servlet engine: [Apache Tomcat/9.0.26]
2019-10-13 21:50:20.600 blog-logging [restartedMain] INFO org.apache.catalina.core.ContainerBase.[Tomcat].[localhost].[/]:173 Initializing Spring embedded WebApplicationContext
2019-10-13 21:50:20.600 blog-logging [restartedMain] INFO org.springframework.web.context.ContextLoader:284 Root WebApplicationContext: initialization completed in 2396 ms
2019-10-13 21:50:20.975 blog-logging [restartedMain] INFO org.springframework.scheduling.concurrent.ThreadPoolTaskExecutor:171 Initializing ExecutorService 'applicationTaskExecutor'
2019-10-13 21:50:21.378 blog-logging [restartedMain] INFO org.springframework.boot.devtools.autoconfigure.OptionalLiveReloadServer:57 LiveReload server is running on port 35729
2019-10-13 21:50:21.408 blog-logging [restartedMain] INFO org.apache.coyote.http11.Http11NioProtocol:173 Starting ProtocolHandler ["http-nio-8080"]
2019-10-13 21:50:21.471 blog-logging [restartedMain] INFO org.springframework.boot.web.embedded.tomcat.TomcatWebServer:202 Tomcat started on port(s): 8080 (http) with context path ''
2019-10-13 21:50:21.489 blog-logging [restartedMain] INFO bonc.com.cn.App:59 Started App in 4.32 seconds (JVM running for 5.261)
2019-10-13 21:50:28.854 blog-logging [http-nio-8080-exec-1] INFO org.apache.catalina.core.ContainerBase.[Tomcat].[localhost].[/]:173 Initializing Spring DispatcherServlet 'dispatcherServlet'
2019-10-13 21:50:28.854 blog-logging [http-nio-8080-exec-1] INFO org.springframework.web.servlet.DispatcherServlet:525 Initializing Servlet 'dispatcherServlet'
2019-10-13 21:50:28.872 blog-logging [http-nio-8080-exec-1] INFO org.springframework.web.servlet.DispatcherServlet:547 Completed initialization in 17 ms
2019-10-13 21:54:13.223 blog-logging [restartedMain] INFO bonc.com.cn.App:50 Starting App on WIN10-805040934 with PID 684 (E:\workspace1\blog\target\classes started by Administrator in E:\workspace1\blog)
2019-10-13 21:54:13.227 blog-logging [restartedMain] INFO bonc.com.cn.App:652 The following profiles are active: dev
2019-10-13 21:54:13.312 blog-logging [restartedMain] INFO org.springframework.boot.devtools.env.DevToolsPropertyDefaultsPostProcessor:225 Devtools property defaults active! Set 'spring.devtools.add-properties' to 'false' to disable
2019-10-13 21:54:13.312 blog-logging [restartedMain] INFO org.springframework.boot.devtools.env.DevToolsPropertyDefaultsPostProcessor:225 For additional web related logging consider setting the 'logging.level.web' property to 'DEBUG'
2019-10-13 21:54:15.687 blog-logging [restartedMain] INFO org.springframework.boot.web.embedded.tomcat.TomcatWebServer:90 Tomcat initialized with port(s): 8080 (http)
2019-10-13 21:54:15.717 blog-logging [restartedMain] INFO org.apache.coyote.http11.Http11NioProtocol:173 Initializing ProtocolHandler ["http-nio-8080"]
2019-10-13 21:54:15.730 blog-logging [restartedMain] INFO org.apache.catalina.core.StandardService:173 Starting service [Tomcat]
2019-10-13 21:54:15.731 blog-logging [restartedMain] INFO org.apache.catalina.core.StandardEngine:173 Starting Servlet engine: [Apache Tomcat/9.0.26]
2019-10-13 21:54:15.903 blog-logging [restartedMain] INFO org.apache.catalina.core.ContainerBase.[Tomcat].[localhost].[/]:173 Initializing Spring embedded WebApplicationContext
2019-10-13 21:54:15.903 blog-logging [restartedMain] INFO org.springframework.web.context.ContextLoader:284 Root WebApplicationContext: initialization completed in 2589 ms
2019-10-13 21:54:16.392 blog-logging [restartedMain] INFO org.springframework.scheduling.concurrent.ThreadPoolTaskExecutor:171 Initializing ExecutorService 'applicationTaskExecutor'
2019-10-13 21:54:16.677 blog-logging [restartedMain] INFO org.springframework.boot.devtools.autoconfigure.OptionalLiveReloadServer:57 LiveReload server is running on port 35729
2019-10-13 21:54:16.723 blog-logging [restartedMain] INFO org.apache.coyote.http11.Http11NioProtocol:173 Starting ProtocolHandler ["http-nio-8080"]
2019-10-13 21:54:16.845 blog-logging [restartedMain] INFO org.springframework.boot.web.embedded.tomcat.TomcatWebServer:202 Tomcat started on port(s): 8080 (http) with context path ''
2019-10-13 21:54:16.851 blog-logging [restartedMain] INFO bonc.com.cn.App:59 Started App in 4.658 seconds (JVM running for 5.607)
2019-10-13 21:54:29.550 blog-logging [http-nio-8080-exec-1] INFO org.apache.catalina.core.ContainerBase.[Tomcat].[localhost].[/]:173 Initializing Spring DispatcherServlet 'dispatcherServlet'
2019-10-13 21:54:29.550 blog-logging [http-nio-8080-exec-1] INFO org.springframework.web.servlet.DispatcherServlet:525 Initializing Servlet 'dispatcherServlet'
2019-10-13 21:54:29.561 blog-logging [http-nio-8080-exec-1] INFO org.springframework.web.servlet.DispatcherServlet:547 Completed initialization in 11 ms
2019-10-13 21:55:04.079 blog-logging [Thread-6] INFO org.springframework.scheduling.concurrent.ThreadPoolTaskExecutor:208 Shutting down ExecutorService 'applicationTaskExecutor'
2019-10-13 21:55:04.539 blog-logging [restartedMain] INFO bonc.com.cn.App:50 Starting App on WIN10-805040934 with PID 684 (E:\workspace1\blog\target\classes started by Administrator in E:\workspace1\blog)
2019-10-13 21:55:04.539 blog-logging [restartedMain] INFO bonc.com.cn.App:652 The following profiles are active: dev
2019-10-13 21:55:04.972 blog-logging [restartedMain] INFO org.springframework.boot.web.embedded.tomcat.TomcatWebServer:90 Tomcat initialized with port(s): 8080 (http)
2019-10-13 21:55:04.972 blog-logging [restartedMain] INFO org.apache.coyote.http11.Http11NioProtocol:173 Initializing ProtocolHandler ["http-nio-8080"]
2019-10-13 21:55:04.972 blog-logging [restartedMain] INFO org.apache.catalina.core.StandardService:173 Starting service [Tomcat]
2019-10-13 21:55:04.972 blog-logging [restartedMain] INFO org.apache.catalina.core.StandardEngine:173 Starting Servlet engine: [Apache Tomcat/9.0.26]
2019-10-13 21:55:04.992 blog-logging [restartedMain] INFO org.apache.catalina.core.ContainerBase.[Tomcat].[localhost].[/]:173 Initializing Spring embedded WebApplicationContext
2019-10-13 21:55:04.992 blog-logging [restartedMain] INFO org.springframework.web.context.ContextLoader:284 Root WebApplicationContext: initialization completed in 443 ms
2019-10-13 21:55:05.083 blog-logging [restartedMain] INFO org.springframework.scheduling.concurrent.ThreadPoolTaskExecutor:171 Initializing ExecutorService 'applicationTaskExecutor'
2019-10-13 21:55:05.142 blog-logging [restartedMain] INFO org.springframework.boot.devtools.autoconfigure.OptionalLiveReloadServer:57 LiveReload server is running on port 35729
2019-10-13 21:55:05.152 blog-logging [restartedMain] INFO org.apache.coyote.http11.Http11NioProtocol:173 Starting ProtocolHandler ["http-nio-8080"]
2019-10-13 21:55:05.162 blog-logging [restartedMain] INFO org.springframework.boot.web.embedded.tomcat.TomcatWebServer:202 Tomcat started on port(s): 8080 (http) with context path ''
2019-10-13 21:55:05.162 blog-logging [restartedMain] INFO bonc.com.cn.App:59 Started App in 0.723 seconds (JVM running for 53.921)
2019-10-13 21:55:05.162 blog-logging [restartedMain] INFO org.springframework.boot.devtools.autoconfigure.ConditionEvaluationDeltaLoggingListener:63 Condition evaluation unchanged
2019-10-13 21:55:13.763 blog-logging [Thread-10] INFO org.springframework.scheduling.concurrent.ThreadPoolTaskExecutor:208 Shutting down ExecutorService 'applicationTaskExecutor'
2019-10-13 21:55:14.182 blog-logging [restartedMain] INFO bonc.com.cn.App:50 Starting App on WIN10-805040934 with PID 684 (E:\workspace1\blog\target\classes started by Administrator in E:\workspace1\blog)
2019-10-13 21:55:14.182 blog-logging [restartedMain] INFO bonc.com.cn.App:652 The following profiles are active: dev
2019-10-13 21:55:14.542 blog-logging [restartedMain] INFO org.springframework.boot.web.embedded.tomcat.TomcatWebServer:90 Tomcat initialized with port(s): 8080 (http)
2019-10-13 21:55:14.542 blog-logging [restartedMain] INFO org.apache.coyote.http11.Http11NioProtocol:173 Initializing ProtocolHandler ["http-nio-8080"]
2019-10-13 21:55:14.542 blog-logging [restartedMain] INFO org.apache.catalina.core.StandardService:173 Starting service [Tomcat]
2019-10-13 21:55:14.542 blog-logging [restartedMain] INFO org.apache.catalina.core.StandardEngine:173 Starting Servlet engine: [Apache Tomcat/9.0.26]
2019-10-13 21:55:14.663 blog-logging [restartedMain] INFO org.apache.catalina.core.ContainerBase.[Tomcat].[localhost].[/]:173 Initializing Spring embedded WebApplicationContext
2019-10-13 21:55:14.663 blog-logging [restartedMain] INFO org.springframework.web.context.ContextLoader:284 Root WebApplicationContext: initialization completed in 474 ms
2019-10-13 21:55:14.752 blog-logging [restartedMain] INFO org.springframework.scheduling.concurrent.ThreadPoolTaskExecutor:171 Initializing ExecutorService 'applicationTaskExecutor'
2019-10-13 21:55:14.839 blog-logging [restartedMain] INFO org.springframework.boot.devtools.autoconfigure.OptionalLiveReloadServer:57 LiveReload server is running on port 35729
2019-10-13 21:55:14.852 blog-logging [restartedMain] INFO org.apache.coyote.http11.Http11NioProtocol:173 Starting ProtocolHandler ["http-nio-8080"]
2019-10-13 21:55:14.859 blog-logging [restartedMain] INFO org.springframework.boot.web.embedded.tomcat.TomcatWebServer:202 Tomcat started on port(s): 8080 (http) with context path ''
2019-10-13 21:55:14.863 blog-logging [restartedMain] INFO bonc.com.cn.App:59 Started App in 0.751 seconds (JVM running for 63.619)
2019-10-13 21:55:14.863 blog-logging [restartedMain] INFO org.springframework.boot.devtools.autoconfigure.ConditionEvaluationDeltaLoggingListener:63 Condition evaluation unchanged
